This is pdfTeX, Version 3.141592653-2.6-1.40.28 (TeX Live 2025) (preloaded format=pdflatex 2025.9.10)  13 SEP 2025 11:32
entering extended mode
 restricted \write18 enabled.
 file:line:error style messages enabled.
 %&-line parsing enabled.
**c:/Users/andres/repositories/am.as1/latex/report/main.tex
(c:/Users/andres/repositories/am.as1/latex/report/main.tex
LaTeX2e <2025-06-01> patch level 1
L3 programming layer <2025-08-13>
)
! Emergency stop.
<*> ...s/repositories/am.as1/latex/report/main.tex
                                                  
*** (job aborted, no legal \end found)

 
Here is how much of TeX's memory you used:
 15 strings out of 467800
 477 string characters out of 5436061
 427301 words of memory out of 5000000
 28756 multiletter control sequences out of 15000+600000
 626825 words of font info for 40 fonts, out of 8000000 for 9000
 1141 hyphenation exceptions out of 8191
 12i,0n,13p,89b,8s stack positions out of 10000i,1000n,20000p,200000b,200000s
!  ==> Fatal error occurred, no output PDF file produced!
